TN:
SF:C:\Users\Ranjan\Desktop\ex\blog-commentend\server.js
FN:31,(anonymous_0)
FN:32,(anonymous_1)
FN:69,(anonymous_2)
FN:83,(anonymous_3)
FNF:4
FNH:2
FNDA:0,(anonymous_0)
FNDA:0,(anonymous_1)
FNDA:1,(anonymous_2)
FNDA:1,(anonymous_3)
DA:1,1
DA:2,1
DA:3,1
DA:4,1
DA:7,1
DA:9,1
DA:11,1
DA:17,1
DA:18,1
DA:21,1
DA:24,1
DA:27,1
DA:31,0
DA:32,0
DA:66,1
DA:69,1
DA:70,1
DA:71,1
DA:72,1
DA:73,1
DA:75,0
DA:81,1
DA:83,1
DA:84,1
LF:24
LH:21
BRDA:21,0,0,1
BRDA:21,0,1,0
BRDA:70,1,0,1
BRDA:70,1,1,1
BRDA:71,2,0,1
BRDA:71,2,1,0
BRF:6
BRH:4
end_of_record
TN:
SF:C:\Users\Ranjan\Desktop\ex\blog-commentend\config\keys.js
FNF:0
FNH:0
DA:1,1
LF:1
LH:1
BRF:0
BRH:0
end_of_record
TN:
SF:C:\Users\Ranjan\Desktop\ex\blog-commentend\models\Post.js
FNF:0
FNH:0
DA:1,1
DA:2,1
DA:4,1
DA:51,1
LF:4
LH:4
BRF:0
BRH:0
end_of_record
TN:
SF:C:\Users\Ranjan\Desktop\ex\blog-commentend\models\User.js
FNF:0
FNH:0
DA:1,1
DA:2,1
DA:4,1
DA:22,1
LF:4
LH:4
BRF:0
BRH:0
end_of_record
TN:
SF:C:\Users\Ranjan\Desktop\ex\blog-commentend\routes\api\posts.js
FN:12,(anonymous_0)
FN:18,(anonymous_1)
FN:19,(anonymous_2)
FN:33,(anonymous_3)
FNF:4
FNH:0
FNDA:0,(anonymous_0)
FNDA:0,(anonymous_1)
FNDA:0,(anonymous_2)
FNDA:0,(anonymous_3)
DA:1,1
DA:2,1
DA:5,1
DA:7,1
DA:12,1
DA:15,0
DA:16,0
DA:19,0
DA:20,0
DA:30,0
DA:33,0
DA:38,1
LF:12
LH:6
BRF:0
BRH:0
end_of_record
